0 info it worked if it ends with ok
1 verbose cli [ '/usr/bin/node', '/usr/bin/npm', 'run', 'test' ]
2 info using npm@3.10.10
3 info using node@v6.13.1
4 verbose run-script [ 'pretest', 'test', 'posttest' ]
5 info lifecycle car-rent@0.0.0~pretest: car-rent@0.0.0
6 silly lifecycle car-rent@0.0.0~pretest: no script for pretest, continuing
7 info lifecycle car-rent@0.0.0~test: car-rent@0.0.0
8 verbose lifecycle car-rent@0.0.0~test: unsafe-perm in lifecycle true
9 verbose lifecycle car-rent@0.0.0~test: PATH: /usr/lib/node_modules/npm/bin/node-gyp-bin:/home/john/node_playground/car_rent/node_modules/.bin:/home/john/bin:/home/john/.local/bin:/home/john/bin:/home/john/.local/bin:/usr/local/sbin:/usr/local/bin:/usr/sbin:/usr/bin:/sbin:/bin:/usr/games:/usr/local/games:/snap/bin
10 verbose lifecycle car-rent@0.0.0~test: CWD: /home/john/node_playground/car_rent
11 silly lifecycle car-rent@0.0.0~test: Args: [ '-c', 'mocha' ]
12 silly lifecycle car-rent@0.0.0~test: Returned: code: 1  signal: null
13 info lifecycle car-rent@0.0.0~test: Failed to exec test script
14 verbose stack Error: car-rent@0.0.0 test: `mocha`
14 verbose stack Exit status 1
14 verbose stack     at EventEmitter.<anonymous> (/usr/lib/node_modules/npm/lib/utils/lifecycle.js:255:16)
14 verbose stack     at emitTwo (events.js:106:13)
14 verbose stack     at EventEmitter.emit (events.js:191:7)
14 verbose stack     at ChildProcess.<anonymous> (/usr/lib/node_modules/npm/lib/utils/spawn.js:40:14)
14 verbose stack     at emitTwo (events.js:106:13)
14 verbose stack     at ChildProcess.emit (events.js:191:7)
14 verbose stack     at maybeClose (internal/child_process.js:920:16)
14 verbose stack     at Process.ChildProcess._handle.onexit (internal/child_process.js:230:5)
15 verbose pkgid car-rent@0.0.0
16 verbose cwd /home/john/node_playground/car_rent
17 error Linux 4.13.0-37-generic
18 error argv "/usr/bin/node" "/usr/bin/npm" "run" "test"
19 error node v6.13.1
20 error npm  v3.10.10
21 error code ELIFECYCLE
22 error car-rent@0.0.0 test: `mocha`
22 error Exit status 1
23 error Failed at the car-rent@0.0.0 test script 'mocha'.
23 error Make sure you have the latest version of node.js and npm installed.
23 error If you do, this is most likely a problem with the car-rent package,
23 error not with npm itself.
23 error Tell the author that this fails on your system:
23 error     mocha
23 error You can get information on how to open an issue for this project with:
23 error     npm bugs car-rent
23 error Or if that isn't available, you can get their info via:
23 error     npm owner ls car-rent
23 error There is likely additional logging output above.
24 verbose exit [ 1, true ]
